<?xml version="1.0" encoding="UTF-8"?>
<testsuite name="com.jhipster.JhipsterApplicationTests" tests="1" skipped="0" failures="0" errors="0" timestamp="2018-03-05T18:51:33" hostname="Arkadyj-dell" time="0.031">
  <properties/>
  <testcase name="contextLoads" classname="com.jhipster.JhipsterApplicationTests" time="0.031"/>
  <system-out><![CDATA[19:51:28.239 [Test worker] DEBUG org.springframework.test.context.junit4.SpringJUnit4ClassRunner - SpringJUnit4ClassRunner constructor called with [class com.jhipster.JhipsterApplicationTests]
19:51:28.254 [Test worker] DEBUG org.springframework.test.context.BootstrapUtils - Instantiating CacheAwareContextLoaderDelegate from class [org.springframework.test.context.cache.DefaultCacheAwareContextLoaderDelegate]
19:51:28.254 [Test worker] DEBUG org.springframework.test.context.BootstrapUtils - Instantiating BootstrapContext using constructor [public org.springframework.test.context.support.DefaultBootstrapContext(java.lang.Class,org.springframework.test.context.CacheAwareContextLoaderDelegate)]
19:51:28.270 [Test worker] DEBUG org.springframework.test.context.BootstrapUtils - Instantiating TestContextBootstrapper for test class [com.jhipster.JhipsterApplicationTests] from class [org.springframework.boot.test.context.SpringBootTestContextBootstrapper]
19:51:28.290 [Test worker] INFO org.springframework.boot.test.context.SpringBootTestContextBootstrapper - Neither @ContextConfiguration nor @ContextHierarchy found for test class [com.jhipster.JhipsterApplicationTests], using SpringBootContextLoader
19:51:28.294 [Test worker] DEBUG org.springframework.test.context.support.AbstractContextLoader - Did not detect default resource location for test class [com.jhipster.JhipsterApplicationTests]: class path resource [com/jhipster/JhipsterApplicationTests-context.xml] does not exist
19:51:28.298 [Test worker] DEBUG org.springframework.test.context.support.AbstractContextLoader - Did not detect default resource location for test class [com.jhipster.JhipsterApplicationTests]: class path resource [com/jhipster/JhipsterApplicationTestsContext.groovy] does not exist
19:51:28.298 [Test worker] INFO org.springframework.test.context.support.AbstractContextLoader - Could not detect default resource locations for test class [com.jhipster.JhipsterApplicationTests]: no resource found for suffixes {-context.xml, Context.groovy}.
19:51:28.298 [Test worker] INFO org.springframework.test.context.support.AnnotationConfigContextLoaderUtils - Could not detect default configuration classes for test class [com.jhipster.JhipsterApplicationTests]: JhipsterApplicationTests does not declare any static, non-private, non-final, nested classes annotated with @Configuration.
19:51:28.331 [Test worker] DEBUG org.springframework.test.context.support.ActiveProfilesUtils - Could not find an 'annotation declaring class' for annotation type [org.springframework.test.context.ActiveProfiles] and class [com.jhipster.JhipsterApplicationTests]
19:51:28.347 [Test worker] DEBUG org.springframework.core.env.StandardEnvironment - Adding PropertySource 'systemProperties' with lowest search precedence
19:51:28.347 [Test worker] DEBUG org.springframework.core.env.StandardEnvironment - Adding PropertySource 'systemEnvironment' with lowest search precedence
19:51:28.347 [Test worker] DEBUG org.springframework.core.env.StandardEnvironment - Initialized StandardEnvironment with PropertySources [MapPropertySource@1219881154 {name='systemProperties', properties={java.runtime.name=Java(TM) SE Runtime Environment, sun.boot.library.path=C:\Program Files\Java\jdk1.8.0_144\jre\bin, java.vm.version=25.144-b01, java.vm.vendor=Oracle Corporation, java.vendor.url=http://java.oracle.com/, path.separator=;, java.vm.name=Java HotSpot(TM) 64-Bit Server VM, file.encoding.pkg=sun.io, user.script=, sun.java.launcher=SUN_STANDARD, user.country=PL, sun.os.patch.level=, java.vm.specification.name=Java Virtual Machine Specification, user.dir=D:\programowanie\kodilla\jhipster, java.runtime.version=1.8.0_144-b01, java.awt.graphicsenv=sun.awt.Win32GraphicsEnvironment, java.endorsed.dirs=C:\Program Files\Java\jdk1.8.0_144\jre\lib\endorsed, os.arch=amd64, java.io.tmpdir=C:\Users\arkadyj\AppData\Local\Temp\, line.separator=
, java.vm.specification.vendor=Oracle Corporation, user.variant=, os.name=Windows 10, sun.jnu.encoding=Cp1250, java.library.path=C:\Program Files\Java\jdk1.8.0_144\bin;C:\WINDOWS\Sun\Java\bin;C:\WINDOWS\system32;C:\WINDOWS;C:\Program Files\Java\jdk1.8.0_144\bin;C:\ProgramData\Oracle\Java\javapath;C:\WINDOWS\system32;C:\WINDOWS;C:\WINDOWS\System32\Wbem;C:\WINDOWS\System32\WindowsPowerShell\v1.0\;C:\Program Files\Intel\WiFi\bin\;C:\Program Files\Common Files\Intel\WirelessCommon\;C:\Program Files\Micron Technology\Micron Storage Executive;C:\Program Files (x86)\Skype\Phone\;C:\Program Files\Git\cmd;C:\Program Files\Git\mingw64\bin;C:\Program Files\Git\usr\bin;C:\Program Files (x86)\gradle-4.3\bin;C:\Program Files\MySQL\MySQL Utilities 1.6\;C:\Users\arkadyj\AppData\Local\Microsoft\WindowsApps;C:\Program Files\Intel\WiFi\bin\;C:\Program Files\Common Files\Intel\WirelessCommon\;d:\programowanie\Heroku\bin;., java.specification.name=Java Platform API Specification, java.class.version=52.0, sun.management.compiler=HotSpot 64-Bit Tiered Compilers, os.version=10.0, user.home=C:\Users\arkadyj, user.timezone=Europe/Belgrade, java.awt.printerjob=sun.awt.windows.WPrinterJob, file.encoding=windows-1250, java.specification.version=1.8, java.class.path=D:\programowanie\kodilla\jhipster\build\classes\test;D:\programowanie\kodilla\jhipster\build\resources\test;D:\programowanie\kodilla\jhipster\build\classes\main;D:\programowanie\kodilla\jhipster\build\resources\main;C:\Users\arkadyj\.gradle\caches\modules-2\files-2.1\org.springframework.boot\spring-boot-actuator-docs\1.5.11.BUILD-SNAPSHOT\997e25b7ea02c0eb3cebaf8cad3dd75d7c5a5267\spring-boot-actuator-docs-1.5.11.BUILD-SNAPSHOT.jar;C:\Users\arkadyj\.gradle\caches\modules-2\files-2.1\org.springframework.boot\spring-boot-starter-actuator\1.5.11.BUILD-SNAPSHOT\5cda5fa277a2d82e1416cf4dbe4884069ccecacd\spring-boot-starter-actuator-1.5.11.BUILD-SNAPSHOT.jar;C:\Users\arkadyj\.gradle\caches\modules-2\files-2.1\org.springframework.boot\spring-boot-starter-data-jpa\1.5.11.BUILD-SNAPSHOT\a1eb216d67c82af7205765febe230184e46a90d0\spring-boot-starter-data-jpa-1.5.11.BUILD-SNAPSHOT.jar;C:\Users\arkadyj\.gradle\caches\modules-2\files-2.1\org.springframework.boot\spring-boot-starter-web\1.5.11.BUILD-SNAPSHOT\b2d536539c74699e59d1ee0b5de5da14adde89a6\spring-boot-starter-web-1.5.11.BUILD-SNAPSHOT.jar;C:\Users\arkadyj\.gradle\caches\modules-2\files-2.1\org.springframework.boot\spring-boot-devtools\1.5.11.BUILD-SNAPSHOT\9f88289b9c08b0110d2e1368cb3850abb8b0a6c4\spring-boot-devtools-1.5.11.BUILD-SNAPSHOT.jar;C:\Users\arkadyj\.gradle\caches\modules-2\files-2.1\com.h2database\h2\1.4.196\dd0034398d593aa3588c6773faac429bbd9aea0e\h2-1.4.196.jar;C:\Users\arkadyj\.gradle\caches\modules-2\files-2.1\mysql\mysql-connector-java\5.1.45\ee64ec436a87c35362176ea300d69c912d1cbeac\mysql-connector-java-5.1.45.jar;C:\Users\arkadyj\.gradle\caches\modules-2\files-2.1\org.springframework.boot\spring-boot-starter-test\1.5.11.BUILD-SNAPSHOT\dbeb377c79841eb9191bb309f460806fe8aeebf9\spring-boot-starter-test-1.5.11.BUILD-SNAPSHOT.jar;C:\Users\arkadyj\.gradle\caches\modules-2\files-2.1\org.springframework.hateoas\spring-hateoas\0.23.0.RELEASE\678ffa0798f417a794fea592dc8066e325611919\spring-hateoas-0.23.0.RELEASE.jar;C:\Users\arkadyj\.gradle\caches\modules-2\files-2.1\org.springframework\spring-core\4.3.15.BUILD-SNAPSHOT\4f2e22bb347b3041ad609ebfe803b43e55b569ac\spring-core-4.3.15.BUILD-SNAPSHOT.jar;C:\Users\arkadyj\.gradle\caches\modules-2\files-2.1\org.springframework.boot\spring-boot-starter\1.5.11.BUILD-SNAPSHOT\3cc00da188d458773111f21a8f0639409a27cc31\spring-boot-starter-1.5.11.BUILD-SNAPSHOT.jar;C:\Users\arkadyj\.gradle\caches\modules-2\files-2.1\org.springframework.boot\spring-boot-actuator\1.5.11.BUILD-SNAPSHOT\50c2bdbe9f0a1e9a0d40e33dbcb25cd6e0cbc6ee\spring-boot-actuator-1.5.11.BUILD-SNAPSHOT.jar;C:\Users\arkadyj\.gradle\caches\modules-2\files-2.1\org.springframework.boot\spring-boot-starter-aop\1.5.11.BUILD-SNAPSHOT\83e10ea4080df41616c1c01da79d4cb1bb8ebaee\spring-boot-starter-aop-1.5.11.BUILD-SNAPSHOT.jar;C:\Users\arkadyj\.gradle\caches\modules-2\files-2.1\org.springframework.boot\spring-boot-starter-jdbc\1.5.11.BUILD-SNAPSHOT\f82b8c0113e6e794d295bd3cdd2cc5fbf23beb9f\spring-boot-starter-jdbc-1.5.11.BUILD-SNAPSHOT.jar;C:\Users\arkadyj\.gradle\caches\modules-2\files-2.1\org.hibernate\hibernate-core\5.0.12.Final\e58bf1c660e6706d8e2cbb53bae110f574366102\hibernate-core-5.0.12.Final.jar;C:\Users\arkadyj\.gradle\caches\modules-2\files-2.1\org.hibernate\hibernate-entitymanager\5.0.12.Final\302a526f5058290e9cbd719a5caf9f248d344719\hibernate-entitymanager-5.0.12.Final.jar;C:\Users\arkadyj\.gradle\caches\modules-2\files-2.1\javax.transaction\javax.transaction-api\1.2\d81aff979d603edd90dcd8db2abc1f4ce6479e3e\javax.transaction-api-1.2.jar;C:\Users\arkadyj\.gradle\caches\modules-2\files-2.1\org.springframework.data\spring-data-jpa\1.11.10.RELEASE\82ec646adc5d33b7b1d8f52e90c0ea030f0888ca\spring-data-jpa-1.11.10.RELEASE.jar;C:\Users\arkadyj\.gradle\caches\modules-2\files-2.1\org.springframework\spring-aspects\4.3.15.BUILD-SNAPSHOT\f10014550443a0e684b94d16b54ce614bf9f0c88\spring-aspects-4.3.15.BUILD-SNAPSHOT.jar;C:\Users\arkadyj\.gradle\caches\modules-2\files-2.1\org.springframework.boot\spring-boot-starter-tomcat\1.5.11.BUILD-SNAPSHOT\91f6c7451e2e674f13943da34c0769324434dc14\spring-boot-starter-tomcat-1.5.11.BUILD-SNAPSHOT.jar;C:\Users\arkadyj\.gradle\caches\modules-2\files-2.1\org.hibernate\hibernate-validator\5.3.6.Final\4c730be8bf55a8e9a61e79a2f2c079abf48b718\hibernate-validator-5.3.6.Final.jar;C:\Users\arkadyj\.gradle\caches\modules-2\files-2.1\com.fasterxml.jackson.core\jackson-databind\2.8.10\f7b83cb2bc4b88d53961e749e1ad32f49ef017b7\jackson-databind-2.8.10.jar;C:\Users\arkadyj\.gradle\caches\modules-2\files-2.1\org.springframework\spring-web\4.3.15.BUILD-SNAPSHOT\5f509f03bcae13716caed1f48fd79e02ac256edb\spring-web-4.3.15.BUILD-SNAPSHOT.jar;C:\Users\arkadyj\.gradle\caches\modules-2\files-2.1\org.springframework\spring-webmvc\4.3.15.BUILD-SNAPSHOT\9f4a8b8a7639c6a96d12276b93c7f122899ae51b\spring-webmvc-4.3.15.BUILD-SNAPSHOT.jar;C:\Users\arkadyj\.gradle\caches\modules-2\files-2.1\org.springframework.boot\spring-boot\1.5.11.BUILD-SNAPSHOT\685fa17fa847aa83b2cbf5e5447ee1193083e9c5\spring-boot-1.5.11.BUILD-SNAPSHOT.jar;C:\Users\arkadyj\.gradle\caches\modules-2\files-2.1\org.springframework.boot\spring-boot-autoconfigure\1.5.11.BUILD-SNAPSHOT\c2540661da147ed4fc1a442e2886256c313bc733\spring-boot-autoconfigure-1.5.11.BUILD-SNAPSHOT.jar;C:\Users\arkadyj\.gradle\caches\modules-2\files-2.1\org.springframework.boot\spring-boot-test\1.5.11.BUILD-SNAPSHOT\90f0a715b3a5938bb32e6b8e494bf6165ef72bba\spring-boot-test-1.5.11.BUILD-SNAPSHOT.jar;C:\Users\arkadyj\.gradle\caches\modules-2\files-2.1\org.springframework.boot\spring-boot-test-autoconfigure\1.5.11.BUILD-SNAPSHOT\724bb6a6b125a7347d8cc26cdefbf71c882704ba\spring-boot-test-autoconfigure-1.5.11.BUILD-SNAPSHOT.jar;C:\Users\arkadyj\.gradle\caches\modules-2\files-2.1\com.jayway.jsonpath\json-path\2.2.0\22290d17944bd239fabf5ac69005a60a7ecbbbcb\json-path-2.2.0.jar;C:\Users\arkadyj\.gradle\caches\modules-2\files-2.1\junit\junit\4.12\2973d150c0dc1fefe998f834810d68f278ea58ec\junit-4.12.jar;C:\Users\arkadyj\.gradle\caches\modules-2\files-2.1\org.assertj\assertj-core\2.6.0\b532c3fc4f66bcfee4989a3514f1cd56203a33ad\assertj-core-2.6.0.jar;C:\Users\arkadyj\.gradle\caches\modules-2\files-2.1\org.mockito\mockito-core\1.10.19\e8546f5bef4e061d8dd73895b4e8f40e3fe6effe\mockito-core-1.10.19.jar;C:\Users\arkadyj\.gradle\caches\modules-2\files-2.1\org.hamcrest\hamcrest-core\1.3\42a25dc3219429f0e5d060061f71acb49bf010a0\hamcrest-core-1.3.jar;C:\Users\arkadyj\.gradle\caches\modules-2\files-2.1\org.hamcrest\hamcrest-library\1.3\4785a3c21320980282f9f33d0d1264a69040538f\hamcrest-library-1.3.jar;C:\Users\arkadyj\.gradle\caches\modules-2\files-2.1\org.skyscreamer\jsonassert\1.4.0\9cdbb373a06f6513e51e8c545ee6a5e981463edb\jsonassert-1.4.0.jar;C:\Users\arkadyj\.gradle\caches\modules-2\files-2.1\org.springframework\spring-test\4.3.15.BUILD-SNAPSHOT\400ca5bc3713d0855afc22d26f3f10f052aabe0c\spring-test-4.3.15.BUILD-SNAPSHOT.jar;C:\Users\arkadyj\.gradle\caches\modules-2\files-2.1\org.springframework\spring-aop\4.3.15.BUILD-SNAPSHOT\234d09df849c9aa935b9fe8122274457e1c165fe\spring-aop-4.3.15.BUILD-SNAPSHOT.jar;C:\Users\arkadyj\.gradle\caches\modules-2\files-2.1\org.springframework\spring-beans\4.3.15.BUILD-SNAPSHOT\fa36faefad5f542c23e08f85c8323912c4ab60ad\spring-beans-4.3.15.BUILD-SNAPSHOT.jar;C:\Users\arkadyj\.gradle\caches\modules-2\files-2.1\org.springframework\spring-context\4.3.15.BUILD-SNAPSHOT\135694ab49e8419925a5f9c854328c45ac88c7c3\spring-context-4.3.15.BUILD-SNAPSHOT.jar;C:\Users\arkadyj\.gradle\caches\modules-2\files-2.1\org.slf4j\slf4j-api\1.7.25\da76ca59f6a57ee3102f8f9bd9cee742973efa8a\slf4j-api-1.7.25.jar;C:\Users\arkadyj\.gradle\caches\modules-2\files-2.1\org.springframework.boot\spring-boot-starter-logging\1.5.11.BUILD-SNAPSHOT\9935b9b4766fff44bd9694a419d5185f41486f5f\spring-boot-starter-logging-1.5.11.BUILD-SNAPSHOT.jar;C:\Users\arkadyj\.gradle\caches\modules-2\files-2.1\org.yaml\snakeyaml\1.17\7a27ea250c5130b2922b86dea63cbb1cc10a660c\snakeyaml-1.17.jar;C:\Users\arkadyj\.gradle\caches\modules-2\files-2.1\org.aspectj\aspectjweaver\1.8.13\ad94df2a28d658a40dc27bbaff6a1ce5fbf04e9b\aspectjweaver-1.8.13.jar;C:\Users\arkadyj\.gradle\caches\modules-2\files-2.1\org.apache.tomcat\tomcat-jdbc\8.5.28\b00075d3b0e4981596b535f81e521f82a863fe1c\tomcat-jdbc-8.5.28.jar;C:\Users\arkadyj\.gradle\caches\modules-2\files-2.1\org.springframework\spring-jdbc\4.3.15.BUILD-SNAPSHOT\c6d0af35d75d008dff61c0c9f86f7f08782950dd\spring-jdbc-4.3.15.BUILD-SNAPSHOT.jar;C:\Users\arkadyj\.gradle\caches\modules-2\files-2.1\org.jboss.logging\jboss-logging\3.3.2.Final\3789d00e859632e6c6206adc0c71625559e6e3b0\jboss-logging-3.3.2.Final.jar;C:\Users\arkadyj\.gradle\caches\modules-2\files-2.1\org.hibernate.javax.persistence\hibernate-jpa-2.1-api\1.0.0.Final\5e731d961297e5a07290bfaf3db1fbc8bbbf405a\hibernate-jpa-2.1-api-1.0.0.Final.jar;C:\Users\arkadyj\.gradle\caches\modules-2\files-2.1\org.javassist\javassist\3.21.0-GA\598244f595db5c5fb713731eddbb1c91a58d959b\javassist-3.21.0-GA.jar;C:\Users\arkadyj\.gradle\caches\modules-2\files-2.1\antlr\antlr\2.7.7\83cd2cd674a217ade95a4bb83a8a14f351f48bd0\antlr-2.7.7.jar;C:\Users\arkadyj\.gradle\caches\modules-2\files-2.1\org.jboss\jandex\2.0.0.Final\3e899258936f94649c777193e1be846387ed54b3\jandex-2.0.0.Final.jar;C:\Users\arkadyj\.gradle\caches\modules-2\files-2.1\dom4j\dom4j\1.6.1\5d3ccc056b6f056dbf0dddfdf43894b9065a8f94\dom4j-1.6.1.jar;C:\Users\arkadyj\.gradle\caches\modules-2\files-2.1\org.hibernate.common\hibernate-commons-annotations\5.0.1.Final\71e1cff3fcb20d3b3af4f3363c3ddb24d33c6879\hibernate-commons-annotations-5.0.1.Final.jar;C:\Users\arkadyj\.gradle\caches\modules-2\files-2.1\org.springframework.data\spring-data-commons\1.13.10.RELEASE\b732245a0902b561b0c33e54cd0f382e9ac444ed\spring-data-commons-1.13.10.RELEASE.jar;C:\Users\arkadyj\.gradle\caches\modules-2\files-2.1\org.springframework\spring-orm\4.3.15.BUILD-SNAPSHOT\c91e25ff6c5bb6ebc3ce9e3262de93bcc3defb2b\spring-orm-4.3.15.BUILD-SNAPSHOT.jar;C:\Users\arkadyj\.gradle\caches\modules-2\files-2.1\org.springframework\spring-tx\4.3.15.BUILD-SNAPSHOT\827e8b25070075e12c3e23adabf631f698827f1b\spring-tx-4.3.15.BUILD-SNAPSHOT.jar;C:\Users\arkadyj\.gradle\caches\modules-2\files-2.1\org.slf4j\jcl-over-slf4j\1.7.25\f8c32b13ff142a513eeb5b6330b1588dcb2c0461\jcl-over-slf4j-1.7.25.jar;C:\Users\arkadyj\.gradle\caches\modules-2\files-2.1\org.apache.tomcat.embed\tomcat-embed-core\8.5.28\b684c98cf77c6528079c4e59fc1feeb218bf82f1\tomcat-embed-core-8.5.28.jar;C:\Users\arkadyj\.gradle\caches\modules-2\files-2.1\org.apache.tomcat.embed\tomcat-embed-el\8.5.28\75745598f60646ccf0c4b105468a9c8be9b8432e\tomcat-embed-el-8.5.28.jar;C:\Users\arkadyj\.gradle\caches\modules-2\files-2.1\org.apache.tomcat.embed\tomcat-embed-websocket\8.5.28\8a5a48740dd80cad644ceb541e77fd8e0809e3b7\tomcat-embed-websocket-8.5.28.jar;C:\Users\arkadyj\.gradle\caches\modules-2\files-2.1\javax.validation\validation-api\1.1.0.Final\8613ae82954779d518631e05daa73a6a954817d5\validation-api-1.1.0.Final.jar;C:\Users\arkadyj\.gradle\caches\modules-2\files-2.1\com.fasterxml\classmate\1.3.4\3d5f48f10bbe4eb7bd862f10c0583be2e0053c6\classmate-1.3.4.jar;C:\Users\arkadyj\.gradle\caches\modules-2\files-2.1\com.fasterxml.jackson.core\jackson-annotations\2.8.0\45b426f7796b741035581a176744d91090e2e6fb\jackson-annotations-2.8.0.jar;C:\Users\arkadyj\.gradle\caches\modules-2\files-2.1\com.fasterxml.jackson.core\jackson-core\2.8.10\eb21a035c66ad307e66ec8fce37f5d50fd62d039\jackson-core-2.8.10.jar;C:\Users\arkadyj\.gradle\caches\modules-2\files-2.1\org.springframework\spring-expression\4.3.15.BUILD-SNAPSHOT\b6c89a5a4ad1271adb2262feeb5cd9d58c9a0c33\spring-expression-4.3.15.BUILD-SNAPSHOT.jar;C:\Users\arkadyj\.gradle\caches\modules-2\files-2.1\net.minidev\json-smart\2.2.1\5b9e5df7a62d1279b70dc882b041d249c4f0b002\json-smart-2.2.1.jar;C:\Users\arkadyj\.gradle\caches\modules-2\files-2.1\org.objenesis\objenesis\2.1\87c0ea803b69252868d09308b4618f766f135a96\objenesis-2.1.jar;C:\Users\arkadyj\.gradle\caches\modules-2\files-2.1\com.vaadin.external.google\android-json\0.0.20131108.vaadin1\fa26d351fe62a6a17f5cda1287c1c6110dec413f\android-json-0.0.20131108.vaadin1.jar;C:\Users\arkadyj\.gradle\caches\modules-2\files-2.1\ch.qos.logback\logback-classic\1.1.11\ccedfbacef4a6515d2983e3f89ed753d5d4fb665\logback-classic-1.1.11.jar;C:\Users\arkadyj\.gradle\caches\modules-2\files-2.1\org.slf4j\jul-to-slf4j\1.7.25\af5364cd6679bfffb114f0dec8a157aaa283b76\jul-to-slf4j-1.7.25.jar;C:\Users\arkadyj\.gradle\caches\modules-2\files-2.1\org.slf4j\log4j-over-slf4j\1.7.25\a87bb47468f47ee7aabbd54f93e133d4215769c3\log4j-over-slf4j-1.7.25.jar;C:\Users\arkadyj\.gradle\caches\modules-2\files-2.1\org.apache.tomcat\tomcat-juli\8.5.28\e29e7e448a8f8d600e139b7bba58dac25a25064b\tomcat-juli-8.5.28.jar;C:\Users\arkadyj\.gradle\caches\modules-2\files-2.1\org.apache.tomcat\tomcat-annotations-api\8.5.28\25dd92ba2548e684687f9024e2848ea98ab63f3a\tomcat-annotations-api-8.5.28.jar;C:\Users\arkadyj\.gradle\caches\modules-2\files-2.1\net.minidev\accessors-smart\1.1\a527213f2fea112a04c9bdf0ec0264e34104cd08\accessors-smart-1.1.jar;C:\Users\arkadyj\.gradle\caches\modules-2\files-2.1\ch.qos.logback\logback-core\1.1.11\88b8df40340eed549fb07e2613879bf6b006704d\logback-core-1.1.11.jar;C:\Users\arkadyj\.gradle\caches\modules-2\files-2.1\org.ow2.asm\asm\5.0.3\dcc2193db20e19e1feca8b1240dbbc4e190824fa\asm-5.0.3.jar, user.name=arkadyj, java.vm.specification.version=1.8, sun.java.command=worker.org.gradle.process.internal.worker.GradleWorkerMain 'Gradle Test Executor 1', java.home=C:\Program Files\Java\jdk1.8.0_144\jre, sun.arch.data.model=64, user.language=pl, java.specification.vendor=Oracle Corporation, awt.toolkit=sun.awt.windows.WToolkit, java.vm.info=mixed mode, java.version=1.8.0_144, java.ext.dirs=C:\Program Files\Java\jdk1.8.0_144\jre\lib\ext;C:\WINDOWS\Sun\Java\lib\ext, sun.boot.class.path=C:\Program Files\Java\jdk1.8.0_144\jre\lib\resources.jar;C:\Program Files\Java\jdk1.8.0_144\jre\lib\rt.jar;C:\Program Files\Java\jdk1.8.0_144\jre\lib\sunrsasign.jar;C:\Program Files\Java\jdk1.8.0_144\jre\lib\jsse.jar;C:\Program Files\Java\jdk1.8.0_144\jre\lib\jce.jar;C:\Program Files\Java\jdk1.8.0_144\jre\lib\charsets.jar;C:\Program Files\Java\jdk1.8.0_144\jre\lib\jfr.jar;C:\Program Files\Java\jdk1.8.0_144\jre\classes, java.vendor=Oracle Corporation, org.gradle.test.worker=1, file.separator=\, java.vendor.url.bug=http://bugreport.sun.com/bugreport/, sun.io.unicode.encoding=UnicodeLittle, sun.cpu.endian=little, sun.desktop=windows, sun.cpu.isalist=amd64}}, SystemEnvironmentPropertySource@943238654 {name='systemEnvironment', properties={JAVA=C:\Program Files\Java\jdk1.8.0_144\bin, USERDOMAIN_ROAMINGPROFILE=ARKADYJ-DELL, PROCESSOR_LEVEL=6, SESSIONNAME=Console, ALLUSERSPROFILE=C:\ProgramData, PROCESSOR_ARCHITECTURE=AMD64, PSModulePath=C:\Program Files\WindowsPowerShell\Modules;C:\WINDOWS\system32\WindowsPowerShell\v1.0\Modules, SystemDrive=C:, DIRNAME=D:\programowanie\kodilla\jhipster\, USERNAME=arkadyj, CMD_LINE_ARGS=build, ProgramFiles(x86)=C:\Program Files (x86), APP_HOME=D:\programowanie\kodilla\jhipster\, PATHEXT=.COM;.EXE;.BAT;.CMD;.VBS;.VBE;.JS;.JSE;.WSF;.WSH;.MSC, ProgramData=C:\ProgramData, ProgramW6432=C:\Program Files, HOMEPATH=\Users\arkadyj, PROCESSOR_IDENTIFIER=Intel64 Family 6 Model 78 Stepping 3, GenuineIntel, ProgramFiles=C:\Program Files, PUBLIC=C:\Users\Public, windir=C:\WINDOWS, =::=::\, _SKIP=2, LOCALAPPDATA=C:\Users\arkadyj\AppData\Local, USERDOMAIN=ARKADYJ-DELL, LOGONSERVER=\\ARKADYJ-DELL, JAVA_HOME=C:\Program Files\Java\jdk1.8.0_144, PROMPT=$P$G, OneDrive=C:\Users\arkadyj\OneDrive, APPDATA=C:\Users\arkadyj\AppData\Roaming, JAVA_EXE=C:\Program Files\Java\jdk1.8.0_144/bin/java.exe, CommonProgramFiles=C:\Program Files\Common Files, Path=C:\Program Files\Java\jdk1.8.0_144\bin;C:\ProgramData\Oracle\Java\javapath;C:\WINDOWS\system32;C:\WINDOWS;C:\WINDOWS\System32\Wbem;C:\WINDOWS\System32\WindowsPowerShell\v1.0\;C:\Program Files\Intel\WiFi\bin\;C:\Program Files\Common Files\Intel\WirelessCommon\;C:\Program Files\Micron Technology\Micron Storage Executive;C:\Program Files (x86)\Skype\Phone\;C:\Program Files\Git\cmd;C:\Program Files\Git\mingw64\bin;C:\Program Files\Git\usr\bin;C:\Program Files (x86)\gradle-4.3\bin;C:\Program Files\MySQL\MySQL Utilities 1.6\;C:\Users\arkadyj\AppData\Local\Microsoft\WindowsApps;C:\Program Files\Intel\WiFi\bin\;C:\Program Files\Common Files\Intel\WirelessCommon\;d:\programowanie\Heroku\bin, OS=Windows_NT, COMPUTERNAME=ARKADYJ-DELL, CATALINA_HOME=d:\programowanie\apache-tomcat-9.0.4, PROCESSOR_REVISION=4e03, CLASSPATH=D:\programowanie\kodilla\jhipster\\gradle\wrapper\gradle-wrapper.jar, CommonProgramW6432=C:\Program Files\Common Files, ComSpec=C:\WINDOWS\system32\cmd.exe, APP_BASE_NAME=gradlew, =D:=D:\programowanie\kodilla\jhipster, SystemRoot=C:\WINDOWS, TEMP=C:\Users\arkadyj\AppData\Local\Temp, HOMEDRIVE=C:, USERPROFILE=C:\Users\arkadyj, TMP=C:\Users\arkadyj\AppData\Local\Temp, CommonProgramFiles(x86)=C:\Program Files (x86)\Common Files, NUMBER_OF_PROCESSORS=4}}]
19:51:28.363 [Test worker] DEBUG org.springframework.core.io.support.PathMatchingResourcePatternResolver - Resolved classpath location [com/jhipster/] to resources [URL [file:/D:/programowanie/kodilla/jhipster/build/classes/test/com/jhipster/], URL [file:/D:/programowanie/kodilla/jhipster/build/classes/main/com/jhipster/]]
19:51:28.363 [Test worker] DEBUG org.springframework.core.io.support.PathMatchingResourcePatternResolver - Looking for matching resources in directory tree [D:\programowanie\kodilla\jhipster\build\classes\test\com\jhipster]
19:51:28.363 [Test worker] DEBUG org.springframework.core.io.support.PathMatchingResourcePatternResolver - Searching directory [D:\programowanie\kodilla\jhipster\build\classes\test\com\jhipster] for files matching pattern [D:/programowanie/kodilla/jhipster/build/classes/test/com/jhipster/*.class]
19:51:28.363 [Test worker] DEBUG org.springframework.core.io.support.PathMatchingResourcePatternResolver - Looking for matching resources in directory tree [D:\programowanie\kodilla\jhipster\build\classes\main\com\jhipster]
19:51:28.363 [Test worker] DEBUG org.springframework.core.io.support.PathMatchingResourcePatternResolver - Searching directory [D:\programowanie\kodilla\jhipster\build\classes\main\com\jhipster] for files matching pattern [D:/programowanie/kodilla/jhipster/build/classes/main/com/jhipster/*.class]
19:51:28.363 [Test worker] DEBUG org.springframework.core.io.support.PathMatchingResourcePatternResolver - Resolved location pattern [classpath*:com/jhipster/*.class] to resources [file [D:\programowanie\kodilla\jhipster\build\classes\test\com\jhipster\JhipsterApplicationTests.class], file [D:\programowanie\kodilla\jhipster\build\classes\main\com\jhipster\JhipsterApplication.class]]
19:51:28.422 [Test worker] DEBUG org.springframework.context.annotation.ClassPathScanningCandidateComponentProvider - Identified candidate component class: file [D:\programowanie\kodilla\jhipster\build\classes\main\com\jhipster\JhipsterApplication.class]
19:51:28.426 [Test worker] INFO org.springframework.boot.test.context.SpringBootTestContextBootstrapper - Found @SpringBootConfiguration com.jhipster.JhipsterApplication for test class com.jhipster.JhipsterApplicationTests
19:51:28.428 [Test worker] DEBUG org.springframework.boot.test.context.SpringBootTestContextBootstrapper - @TestExecutionListeners is not present for class [com.jhipster.JhipsterApplicationTests]: using defaults.
19:51:28.428 [Test worker] INFO org.springframework.boot.test.context.SpringBootTestContextBootstrapper - Loaded default TestExecutionListener class names from location [META-INF/spring.factories]: [org.springframework.boot.test.mock.mockito.MockitoTestExecutionListener, org.springframework.boot.test.mock.mockito.ResetMocksTestExecutionListener, org.springframework.boot.test.autoconfigure.restdocs.RestDocsTestExecutionListener, org.springframework.boot.test.autoconfigure.web.client.MockRestServiceServerResetTestExecutionListener, org.springframework.boot.test.autoconfigure.web.servlet.MockMvcPrintOnlyOnFailureTestExecutionListener, org.springframework.boot.test.autoconfigure.web.servlet.WebDriverTestExecutionListener, org.springframework.test.context.web.ServletTestExecutionListener, org.springframework.test.context.support.DirtiesContextBeforeModesTestExecutionListener, org.springframework.test.context.support.DependencyInjectionTestExecutionListener, org.springframework.test.context.support.DirtiesContextTestExecutionListener, org.springframework.test.context.transaction.TransactionalTestExecutionListener, org.springframework.test.context.jdbc.SqlScriptsTestExecutionListener]
19:51:28.460 [Test worker] INFO org.springframework.boot.test.context.SpringBootTestContextBootstrapper - Using TestExecutionListeners: [org.springframework.test.context.web.ServletTestExecutionListener@f24b3d8, org.springframework.test.context.support.DirtiesContextBeforeModesTestExecutionListener@5d5c60aa, org.springframework.boot.test.mock.mockito.MockitoTestExecutionListener@1b7d3f13, org.springframework.boot.test.autoconfigure.SpringBootDependencyInjectionTestExecutionListener@193a70d8, org.springframework.test.context.support.DirtiesContextTestExecutionListener@33aaba54, org.springframework.test.context.transaction.TransactionalTestExecutionListener@d4dd5bb, org.springframework.test.context.jdbc.SqlScriptsTestExecutionListener@7f3ae6a6, org.springframework.boot.test.mock.mockito.ResetMocksTestExecutionListener@354ce529, org.springframework.boot.test.autoconfigure.restdocs.RestDocsTestExecutionListener@535291ce, org.springframework.boot.test.autoconfigure.web.client.MockRestServiceServerResetTestExecutionListener@30516612, org.springframework.boot.test.autoconfigure.web.servlet.MockMvcPrintOnlyOnFailureTestExecutionListener@18f6b968, org.springframework.boot.test.autoconfigure.web.servlet.WebDriverTestExecutionListener@4a4162f2]
19:51:28.460 [Test worker] DEBUG org.springframework.test.annotation.ProfileValueUtils - Retrieved @ProfileValueSourceConfiguration [null] for test class [com.jhipster.JhipsterApplicationTests]
19:51:28.460 [Test worker] DEBUG org.springframework.test.annotation.ProfileValueUtils - Retrieved ProfileValueSource type [class org.springframework.test.annotation.SystemProfileValueSource] for class [com.jhipster.JhipsterApplicationTests]
19:51:28.460 [Test worker] DEBUG org.springframework.test.annotation.ProfileValueUtils - Retrieved @ProfileValueSourceConfiguration [null] for test class [com.jhipster.JhipsterApplicationTests]
19:51:28.460 [Test worker] DEBUG org.springframework.test.annotation.ProfileValueUtils - Retrieved ProfileValueSource type [class org.springframework.test.annotation.SystemProfileValueSource] for class [com.jhipster.JhipsterApplicationTests]
19:51:28.475 [Test worker] DEBUG org.springframework.test.context.support.AbstractDirtiesContextTestExecutionListener - Before test class: context [DefaultTestContext@67698098 testClass = JhipsterApplicationTests, testInstance = [null], testMethod = [null], testException = [null], mergedContextConfiguration = [WebMergedContextConfiguration@767b1977 testClass = JhipsterApplicationTests, locations = '{}', classes = '{class com.jhipster.JhipsterApplication}', contextInitializerClasses = '[]', activeProfiles = '{}', propertySourceLocations = '{}', propertySourceProperties = '{org.springframework.boot.test.context.SpringBootTestContextBootstrapper=true}', contextCustomizers = set[org.springframework.boot.test.context.SpringBootTestContextCustomizer@703eb85c, org.springframework.boot.test.context.filter.ExcludeFilterContextCustomizer@4fe73de8, org.springframework.boot.test.json.DuplicateJsonObjectContextCustomizerFactory$DuplicateJsonObjectContextCustomizer@6d692331, org.springframework.boot.test.mock.mockito.MockitoContextCustomizer@0, org.springframework.boot.test.autoconfigure.properties.PropertyMappingContextCustomizer@0, org.springframework.boot.test.autoconfigure.web.servlet.WebDriverContextCustomizerFactory$Customizer@5c1acc9e], resourceBasePath = 'src/main/webapp', contextLoader = 'org.springframework.boot.test.context.SpringBootContextLoader', parent = [null]]], class annotated with @DirtiesContext [false] with mode [null].
19:51:28.475 [Test worker] DEBUG org.springframework.test.annotation.ProfileValueUtils - Retrieved @ProfileValueSourceConfiguration [null] for test class [com.jhipster.JhipsterApplicationTests]
19:51:28.475 [Test worker] DEBUG org.springframework.test.annotation.ProfileValueUtils - Retrieved ProfileValueSource type [class org.springframework.test.annotation.SystemProfileValueSource] for class [com.jhipster.JhipsterApplicationTests]
19:51:28.522 [Test worker] DEBUG org.springframework.core.env.StandardEnvironment - Adding PropertySource 'systemProperties' with lowest search precedence
19:51:28.522 [Test worker] DEBUG org.springframework.core.env.StandardEnvironment - Adding PropertySource 'systemEnvironment' with lowest search precedence
19:51:28.538 [Test worker] DEBUG org.springframework.core.env.StandardEnvironment - Initialized StandardEnvironment with PropertySources [MapPropertySource@208957213 {name='systemProperties', properties={java.runtime.name=Java(TM) SE Runtime Environment, sun.boot.library.path=C:\Program Files\Java\jdk1.8.0_144\jre\bin, java.vm.version=25.144-b01, java.vm.vendor=Oracle Corporation, java.vendor.url=http://java.oracle.com/, path.separator=;, java.vm.name=Java HotSpot(TM) 64-Bit Server VM, file.encoding.pkg=sun.io, user.script=, sun.java.launcher=SUN_STANDARD, user.country=PL, sun.os.patch.level=, java.vm.specification.name=Java Virtual Machine Specification, user.dir=D:\programowanie\kodilla\jhipster, java.runtime.version=1.8.0_144-b01, java.awt.graphicsenv=sun.awt.Win32GraphicsEnvironment, java.endorsed.dirs=C:\Program Files\Java\jdk1.8.0_144\jre\lib\endorsed, os.arch=amd64, java.io.tmpdir=C:\Users\arkadyj\AppData\Local\Temp\, line.separator=
, java.vm.specification.vendor=Oracle Corporation, user.variant=, os.name=Windows 10, sun.jnu.encoding=Cp1250, java.library.path=C:\Program Files\Java\jdk1.8.0_144\bin;C:\WINDOWS\Sun\Java\bin;C:\WINDOWS\system32;C:\WINDOWS;C:\Program Files\Java\jdk1.8.0_144\bin;C:\ProgramData\Oracle\Java\javapath;C:\WINDOWS\system32;C:\WINDOWS;C:\WINDOWS\System32\Wbem;C:\WINDOWS\System32\WindowsPowerShell\v1.0\;C:\Program Files\Intel\WiFi\bin\;C:\Program Files\Common Files\Intel\WirelessCommon\;C:\Program Files\Micron Technology\Micron Storage Executive;C:\Program Files (x86)\Skype\Phone\;C:\Program Files\Git\cmd;C:\Program Files\Git\mingw64\bin;C:\Program Files\Git\usr\bin;C:\Program Files (x86)\gradle-4.3\bin;C:\Program Files\MySQL\MySQL Utilities 1.6\;C:\Users\arkadyj\AppData\Local\Microsoft\WindowsApps;C:\Program Files\Intel\WiFi\bin\;C:\Program Files\Common Files\Intel\WirelessCommon\;d:\programowanie\Heroku\bin;., java.specification.name=Java Platform API Specification, java.class.version=52.0, sun.management.compiler=HotSpot 64-Bit Tiered Compilers, os.version=10.0, user.home=C:\Users\arkadyj, user.timezone=Europe/Belgrade, java.awt.printerjob=sun.awt.windows.WPrinterJob, file.encoding=windows-1250, java.specification.version=1.8, java.class.path=D:\programowanie\kodilla\jhipster\build\classes\test;D:\programowanie\kodilla\jhipster\build\resources\test;D:\programowanie\kodilla\jhipster\build\classes\main;D:\programowanie\kodilla\jhipster\build\resources\main;C:\Users\arkadyj\.gradle\caches\modules-2\files-2.1\org.springframework.boot\spring-boot-actuator-docs\1.5.11.BUILD-SNAPSHOT\997e25b7ea02c0eb3cebaf8cad3dd75d7c5a5267\spring-boot-actuator-docs-1.5.11.BUILD-SNAPSHOT.jar;C:\Users\arkadyj\.gradle\caches\modules-2\files-2.1\org.springframework.boot\spring-boot-starter-actuator\1.5.11.BUILD-SNAPSHOT\5cda5fa277a2d82e1416cf4dbe4884069ccecacd\spring-boot-starter-actuator-1.5.11.BUILD-SNAPSHOT.jar;C:\Users\arkadyj\.gradle\caches\modules-2\files-2.1\org.springframework.boot\spring-boot-starter-data-jpa\1.5.11.BUILD-SNAPSHOT\a1eb216d67c82af7205765febe230184e46a90d0\spring-boot-starter-data-jpa-1.5.11.BUILD-SNAPSHOT.jar;C:\Users\arkadyj\.gradle\caches\modules-2\files-2.1\org.springframework.boot\spring-boot-starter-web\1.5.11.BUILD-SNAPSHOT\b2d536539c74699e59d1ee0b5de5da14adde89a6\spring-boot-starter-web-1.5.11.BUILD-SNAPSHOT.jar;C:\Users\arkadyj\.gradle\caches\modules-2\files-2.1\org.springframework.boot\spring-boot-devtools\1.5.11.BUILD-SNAPSHOT\9f88289b9c08b0110d2e1368cb3850abb8b0a6c4\spring-boot-devtools-1.5.11.BUILD-SNAPSHOT.jar;C:\Users\arkadyj\.gradle\caches\modules-2\files-2.1\com.h2database\h2\1.4.196\dd0034398d593aa3588c6773faac429bbd9aea0e\h2-1.4.196.jar;C:\Users\arkadyj\.gradle\caches\modules-2\files-2.1\mysql\mysql-connector-java\5.1.45\ee64ec436a87c35362176ea300d69c912d1cbeac\mysql-connector-java-5.1.45.jar;C:\Users\arkadyj\.gradle\caches\modules-2\files-2.1\org.springframework.boot\spring-boot-starter-test\1.5.11.BUILD-SNAPSHOT\dbeb377c79841eb9191bb309f460806fe8aeebf9\spring-boot-starter-test-1.5.11.BUILD-SNAPSHOT.jar;C:\Users\arkadyj\.gradle\caches\modules-2\files-2.1\org.springframework.hateoas\spring-hateoas\0.23.0.RELEASE\678ffa0798f417a794fea592dc8066e325611919\spring-hateoas-0.23.0.RELEASE.jar;C:\Users\arkadyj\.gradle\caches\modules-2\files-2.1\org.springframework\spring-core\4.3.15.BUILD-SNAPSHOT\4f2e22bb347b3041ad609ebfe803b43e55b569ac\spring-core-4.3.15.BUILD-SNAPSHOT.jar;C:\Users\arkadyj\.gradle\caches\modules-2\files-2.1\org.springframework.boot\spring-boot-starter\1.5.11.BUILD-SNAPSHOT\3cc00da188d458773111f21a8f0639409a27cc31\spring-boot-starter-1.5.11.BUILD-SNAPSHOT.jar;C:\Users\arkadyj\.gradle\caches\modules-2\files-2.1\org.springframework.boot\spring-boot-actuator\1.5.11.BUILD-SNAPSHOT\50c2bdbe9f0a1e9a0d40e33dbcb25cd6e0cbc6ee\spring-boot-actuator-1.5.11.BUILD-SNAPSHOT.jar;C:\Users\arkadyj\.gradle\caches\modules-2\files-2.1\org.springframework.boot\spring-boot-starter-aop\1.5.11.BUILD-SNAPSHOT\83e10ea4080df41616c1c01da79d4cb1bb8ebaee\spring-boot-starter-aop-1.5.11.BUILD-SNAPSHOT.jar;C:\Users\arkadyj\.gradle\caches\modules-2\files-2.1\org.springframework.boot\spring-boot-starter-jdbc\1.5.11.BUILD-SNAPSHOT\f82b8c0113e6e794d295bd3cdd2cc5fbf23beb9f\spring-boot-starter-jdbc-1.5.11.BUILD-SNAPSHOT.jar;C:\Users\arkadyj\.gradle\caches\modules-2\files-2.1\org.hibernate\hibernate-core\5.0.12.Final\e58bf1c660e6706d8e2cbb53bae110f574366102\hibernate-core-5.0.12.Final.jar;C:\Users\arkadyj\.gradle\caches\modules-2\files-2.1\org.hibernate\hibernate-entitymanager\5.0.12.Final\302a526f5058290e9cbd719a5caf9f248d344719\hibernate-entitymanager-5.0.12.Final.jar;C:\Users\arkadyj\.gradle\caches\modules-2\files-2.1\javax.transaction\javax.transaction-api\1.2\d81aff979d603edd90dcd8db2abc1f4ce6479e3e\javax.transaction-api-1.2.jar;C:\Users\arkadyj\.gradle\caches\modules-2\files-2.1\org.springframework.data\spring-data-jpa\1.11.10.RELEASE\82ec646adc5d33b7b1d8f52e90c0ea030f0888ca\spring-data-jpa-1.11.10.RELEASE.jar;C:\Users\arkadyj\.gradle\caches\modules-2\files-2.1\org.springframework\spring-aspects\4.3.15.BUILD-SNAPSHOT\f10014550443a0e684b94d16b54ce614bf9f0c88\spring-aspects-4.3.15.BUILD-SNAPSHOT.jar;C:\Users\arkadyj\.gradle\caches\modules-2\files-2.1\org.springframework.boot\spring-boot-starter-tomcat\1.5.11.BUILD-SNAPSHOT\91f6c7451e2e674f13943da34c0769324434dc14\spring-boot-starter-tomcat-1.5.11.BUILD-SNAPSHOT.jar;C:\Users\arkadyj\.gradle\caches\modules-2\files-2.1\org.hibernate\hibernate-validator\5.3.6.Final\4c730be8bf55a8e9a61e79a2f2c079abf48b718\hibernate-validator-5.3.6.Final.jar;C:\Users\arkadyj\.gradle\caches\modules-2\files-2.1\com.fasterxml.jackson.core\jackson-databind\2.8.10\f7b83cb2bc4b88d53961e749e1ad32f49ef017b7\jackson-databind-2.8.10.jar;C:\Users\arkadyj\.gradle\caches\modules-2\files-2.1\org.springframework\spring-web\4.3.15.BUILD-SNAPSHOT\5f509f03bcae13716caed1f48fd79e02ac256edb\spring-web-4.3.15.BUILD-SNAPSHOT.jar;C:\Users\arkadyj\.gradle\caches\modules-2\files-2.1\org.springframework\spring-webmvc\4.3.15.BUILD-SNAPSHOT\9f4a8b8a7639c6a96d12276b93c7f122899ae51b\spring-webmvc-4.3.15.BUILD-SNAPSHOT.jar;C:\Users\arkadyj\.gradle\caches\modules-2\files-2.1\org.springframework.boot\spring-boot\1.5.11.BUILD-SNAPSHOT\685fa17fa847aa83b2cbf5e5447ee1193083e9c5\spring-boot-1.5.11.BUILD-SNAPSHOT.jar;C:\Users\arkadyj\.gradle\caches\modules-2\files-2.1\org.springframework.boot\spring-boot-autoconfigure\1.5.11.BUILD-SNAPSHOT\c2540661da147ed4fc1a442e2886256c313bc733\spring-boot-autoconfigure-1.5.11.BUILD-SNAPSHOT.jar;C:\Users\arkadyj\.gradle\caches\modules-2\files-2.1\org.springframework.boot\spring-boot-test\1.5.11.BUILD-SNAPSHOT\90f0a715b3a5938bb32e6b8e494bf6165ef72bba\spring-boot-test-1.5.11.BUILD-SNAPSHOT.jar;C:\Users\arkadyj\.gradle\caches\modules-2\files-2.1\org.springframework.boot\spring-boot-test-autoconfigure\1.5.11.BUILD-SNAPSHOT\724bb6a6b125a7347d8cc26cdefbf71c882704ba\spring-boot-test-autoconfigure-1.5.11.BUILD-SNAPSHOT.jar;C:\Users\arkadyj\.gradle\caches\modules-2\files-2.1\com.jayway.jsonpath\json-path\2.2.0\22290d17944bd239fabf5ac69005a60a7ecbbbcb\json-path-2.2.0.jar;C:\Users\arkadyj\.gradle\caches\modules-2\files-2.1\junit\junit\4.12\2973d150c0dc1fefe998f834810d68f278ea58ec\junit-4.12.jar;C:\Users\arkadyj\.gradle\caches\modules-2\files-2.1\org.assertj\assertj-core\2.6.0\b532c3fc4f66bcfee4989a3514f1cd56203a33ad\assertj-core-2.6.0.jar;C:\Users\arkadyj\.gradle\caches\modules-2\files-2.1\org.mockito\mockito-core\1.10.19\e8546f5bef4e061d8dd73895b4e8f40e3fe6effe\mockito-core-1.10.19.jar;C:\Users\arkadyj\.gradle\caches\modules-2\files-2.1\org.hamcrest\hamcrest-core\1.3\42a25dc3219429f0e5d060061f71acb49bf010a0\hamcrest-core-1.3.jar;C:\Users\arkadyj\.gradle\caches\modules-2\files-2.1\org.hamcrest\hamcrest-library\1.3\4785a3c21320980282f9f33d0d1264a69040538f\hamcrest-library-1.3.jar;C:\Users\arkadyj\.gradle\caches\modules-2\files-2.1\org.skyscreamer\jsonassert\1.4.0\9cdbb373a06f6513e51e8c545ee6a5e981463edb\jsonassert-1.4.0.jar;C:\Users\arkadyj\.gradle\caches\modules-2\files-2.1\org.springframework\spring-test\4.3.15.BUILD-SNAPSHOT\400ca5bc3713d0855afc22d26f3f10f052aabe0c\spring-test-4.3.15.BUILD-SNAPSHOT.jar;C:\Users\arkadyj\.gradle\caches\modules-2\files-2.1\org.springframework\spring-aop\4.3.15.BUILD-SNAPSHOT\234d09df849c9aa935b9fe8122274457e1c165fe\spring-aop-4.3.15.BUILD-SNAPSHOT.jar;C:\Users\arkadyj\.gradle\caches\modules-2\files-2.1\org.springframework\spring-beans\4.3.15.BUILD-SNAPSHOT\fa36faefad5f542c23e08f85c8323912c4ab60ad\spring-beans-4.3.15.BUILD-SNAPSHOT.jar;C:\Users\arkadyj\.gradle\caches\modules-2\files-2.1\org.springframework\spring-context\4.3.15.BUILD-SNAPSHOT\135694ab49e8419925a5f9c854328c45ac88c7c3\spring-context-4.3.15.BUILD-SNAPSHOT.jar;C:\Users\arkadyj\.gradle\caches\modules-2\files-2.1\org.slf4j\slf4j-api\1.7.25\da76ca59f6a57ee3102f8f9bd9cee742973efa8a\slf4j-api-1.7.25.jar;C:\Users\arkadyj\.gradle\caches\modules-2\files-2.1\org.springframework.boot\spring-boot-starter-logging\1.5.11.BUILD-SNAPSHOT\9935b9b4766fff44bd9694a419d5185f41486f5f\spring-boot-starter-logging-1.5.11.BUILD-SNAPSHOT.jar;C:\Users\arkadyj\.gradle\caches\modules-2\files-2.1\org.yaml\snakeyaml\1.17\7a27ea250c5130b2922b86dea63cbb1cc10a660c\snakeyaml-1.17.jar;C:\Users\arkadyj\.gradle\caches\modules-2\files-2.1\org.aspectj\aspectjweaver\1.8.13\ad94df2a28d658a40dc27bbaff6a1ce5fbf04e9b\aspectjweaver-1.8.13.jar;C:\Users\arkadyj\.gradle\caches\modules-2\files-2.1\org.apache.tomcat\tomcat-jdbc\8.5.28\b00075d3b0e4981596b535f81e521f82a863fe1c\tomcat-jdbc-8.5.28.jar;C:\Users\arkadyj\.gradle\caches\modules-2\files-2.1\org.springframework\spring-jdbc\4.3.15.BUILD-SNAPSHOT\c6d0af35d75d008dff61c0c9f86f7f08782950dd\spring-jdbc-4.3.15.BUILD-SNAPSHOT.jar;C:\Users\arkadyj\.gradle\caches\modules-2\files-2.1\org.jboss.logging\jboss-logging\3.3.2.Final\3789d00e859632e6c6206adc0c71625559e6e3b0\jboss-logging-3.3.2.Final.jar;C:\Users\arkadyj\.gradle\caches\modules-2\files-2.1\org.hibernate.javax.persistence\hibernate-jpa-2.1-api\1.0.0.Final\5e731d961297e5a07290bfaf3db1fbc8bbbf405a\hibernate-jpa-2.1-api-1.0.0.Final.jar;C:\Users\arkadyj\.gradle\caches\modules-2\files-2.1\org.javassist\javassist\3.21.0-GA\598244f595db5c5fb713731eddbb1c91a58d959b\javassist-3.21.0-GA.jar;C:\Users\arkadyj\.gradle\caches\modules-2\files-2.1\antlr\antlr\2.7.7\83cd2cd674a217ade95a4bb83a8a14f351f48bd0\antlr-2.7.7.jar;C:\Users\arkadyj\.gradle\caches\modules-2\files-2.1\org.jboss\jandex\2.0.0.Final\3e899258936f94649c777193e1be846387ed54b3\jandex-2.0.0.Final.jar;C:\Users\arkadyj\.gradle\caches\modules-2\files-2.1\dom4j\dom4j\1.6.1\5d3ccc056b6f056dbf0dddfdf43894b9065a8f94\dom4j-1.6.1.jar;C:\Users\arkadyj\.gradle\caches\modules-2\files-2.1\org.hibernate.common\hibernate-commons-annotations\5.0.1.Final\71e1cff3fcb20d3b3af4f3363c3ddb24d33c6879\hibernate-commons-annotations-5.0.1.Final.jar;C:\Users\arkadyj\.gradle\caches\modules-2\files-2.1\org.springframework.data\spring-data-commons\1.13.10.RELEASE\b732245a0902b561b0c33e54cd0f382e9ac444ed\spring-data-commons-1.13.10.RELEASE.jar;C:\Users\arkadyj\.gradle\caches\modules-2\files-2.1\org.springframework\spring-orm\4.3.15.BUILD-SNAPSHOT\c91e25ff6c5bb6ebc3ce9e3262de93bcc3defb2b\spring-orm-4.3.15.BUILD-SNAPSHOT.jar;C:\Users\arkadyj\.gradle\caches\modules-2\files-2.1\org.springframework\spring-tx\4.3.15.BUILD-SNAPSHOT\827e8b25070075e12c3e23adabf631f698827f1b\spring-tx-4.3.15.BUILD-SNAPSHOT.jar;C:\Users\arkadyj\.gradle\caches\modules-2\files-2.1\org.slf4j\jcl-over-slf4j\1.7.25\f8c32b13ff142a513eeb5b6330b1588dcb2c0461\jcl-over-slf4j-1.7.25.jar;C:\Users\arkadyj\.gradle\caches\modules-2\files-2.1\org.apache.tomcat.embed\tomcat-embed-core\8.5.28\b684c98cf77c6528079c4e59fc1feeb218bf82f1\tomcat-embed-core-8.5.28.jar;C:\Users\arkadyj\.gradle\caches\modules-2\files-2.1\org.apache.tomcat.embed\tomcat-embed-el\8.5.28\75745598f60646ccf0c4b105468a9c8be9b8432e\tomcat-embed-el-8.5.28.jar;C:\Users\arkadyj\.gradle\caches\modules-2\files-2.1\org.apache.tomcat.embed\tomcat-embed-websocket\8.5.28\8a5a48740dd80cad644ceb541e77fd8e0809e3b7\tomcat-embed-websocket-8.5.28.jar;C:\Users\arkadyj\.gradle\caches\modules-2\files-2.1\javax.validation\validation-api\1.1.0.Final\8613ae82954779d518631e05daa73a6a954817d5\validation-api-1.1.0.Final.jar;C:\Users\arkadyj\.gradle\caches\modules-2\files-2.1\com.fasterxml\classmate\1.3.4\3d5f48f10bbe4eb7bd862f10c0583be2e0053c6\classmate-1.3.4.jar;C:\Users\arkadyj\.gradle\caches\modules-2\files-2.1\com.fasterxml.jackson.core\jackson-annotations\2.8.0\45b426f7796b741035581a176744d91090e2e6fb\jackson-annotations-2.8.0.jar;C:\Users\arkadyj\.gradle\caches\modules-2\files-2.1\com.fasterxml.jackson.core\jackson-core\2.8.10\eb21a035c66ad307e66ec8fce37f5d50fd62d039\jackson-core-2.8.10.jar;C:\Users\arkadyj\.gradle\caches\modules-2\files-2.1\org.springframework\spring-expression\4.3.15.BUILD-SNAPSHOT\b6c89a5a4ad1271adb2262feeb5cd9d58c9a0c33\spring-expression-4.3.15.BUILD-SNAPSHOT.jar;C:\Users\arkadyj\.gradle\caches\modules-2\files-2.1\net.minidev\json-smart\2.2.1\5b9e5df7a62d1279b70dc882b041d249c4f0b002\json-smart-2.2.1.jar;C:\Users\arkadyj\.gradle\caches\modules-2\files-2.1\org.objenesis\objenesis\2.1\87c0ea803b69252868d09308b4618f766f135a96\objenesis-2.1.jar;C:\Users\arkadyj\.gradle\caches\modules-2\files-2.1\com.vaadin.external.google\android-json\0.0.20131108.vaadin1\fa26d351fe62a6a17f5cda1287c1c6110dec413f\android-json-0.0.20131108.vaadin1.jar;C:\Users\arkadyj\.gradle\caches\modules-2\files-2.1\ch.qos.logback\logback-classic\1.1.11\ccedfbacef4a6515d2983e3f89ed753d5d4fb665\logback-classic-1.1.11.jar;C:\Users\arkadyj\.gradle\caches\modules-2\files-2.1\org.slf4j\jul-to-slf4j\1.7.25\af5364cd6679bfffb114f0dec8a157aaa283b76\jul-to-slf4j-1.7.25.jar;C:\Users\arkadyj\.gradle\caches\modules-2\files-2.1\org.slf4j\log4j-over-slf4j\1.7.25\a87bb47468f47ee7aabbd54f93e133d4215769c3\log4j-over-slf4j-1.7.25.jar;C:\Users\arkadyj\.gradle\caches\modules-2\files-2.1\org.apache.tomcat\tomcat-juli\8.5.28\e29e7e448a8f8d600e139b7bba58dac25a25064b\tomcat-juli-8.5.28.jar;C:\Users\arkadyj\.gradle\caches\modules-2\files-2.1\org.apache.tomcat\tomcat-annotations-api\8.5.28\25dd92ba2548e684687f9024e2848ea98ab63f3a\tomcat-annotations-api-8.5.28.jar;C:\Users\arkadyj\.gradle\caches\modules-2\files-2.1\net.minidev\accessors-smart\1.1\a527213f2fea112a04c9bdf0ec0264e34104cd08\accessors-smart-1.1.jar;C:\Users\arkadyj\.gradle\caches\modules-2\files-2.1\ch.qos.logback\logback-core\1.1.11\88b8df40340eed549fb07e2613879bf6b006704d\logback-core-1.1.11.jar;C:\Users\arkadyj\.gradle\caches\modules-2\files-2.1\org.ow2.asm\asm\5.0.3\dcc2193db20e19e1feca8b1240dbbc4e190824fa\asm-5.0.3.jar, user.name=arkadyj, java.vm.specification.version=1.8, sun.java.command=worker.org.gradle.process.internal.worker.GradleWorkerMain 'Gradle Test Executor 1', java.home=C:\Program Files\Java\jdk1.8.0_144\jre, sun.arch.data.model=64, user.language=pl, java.specification.vendor=Oracle Corporation, awt.toolkit=sun.awt.windows.WToolkit, java.vm.info=mixed mode, java.version=1.8.0_144, java.ext.dirs=C:\Program Files\Java\jdk1.8.0_144\jre\lib\ext;C:\WINDOWS\Sun\Java\lib\ext, sun.boot.class.path=C:\Program Files\Java\jdk1.8.0_144\jre\lib\resources.jar;C:\Program Files\Java\jdk1.8.0_144\jre\lib\rt.jar;C:\Program Files\Java\jdk1.8.0_144\jre\lib\sunrsasign.jar;C:\Program Files\Java\jdk1.8.0_144\jre\lib\jsse.jar;C:\Program Files\Java\jdk1.8.0_144\jre\lib\jce.jar;C:\Program Files\Java\jdk1.8.0_144\jre\lib\charsets.jar;C:\Program Files\Java\jdk1.8.0_144\jre\lib\jfr.jar;C:\Program Files\Java\jdk1.8.0_144\jre\classes, java.vendor=Oracle Corporation, org.gradle.test.worker=1, file.separator=\, java.vendor.url.bug=http://bugreport.sun.com/bugreport/, sun.io.unicode.encoding=UnicodeLittle, sun.cpu.endian=little, sun.desktop=windows, sun.cpu.isalist=amd64}}, SystemEnvironmentPropertySource@102125896 {name='systemEnvironment', properties={JAVA=C:\Program Files\Java\jdk1.8.0_144\bin, USERDOMAIN_ROAMINGPROFILE=ARKADYJ-DELL, PROCESSOR_LEVEL=6, SESSIONNAME=Console, ALLUSERSPROFILE=C:\ProgramData, PROCESSOR_ARCHITECTURE=AMD64, PSModulePath=C:\Program Files\WindowsPowerShell\Modules;C:\WINDOWS\system32\WindowsPowerShell\v1.0\Modules, SystemDrive=C:, DIRNAME=D:\programowanie\kodilla\jhipster\, USERNAME=arkadyj, CMD_LINE_ARGS=build, ProgramFiles(x86)=C:\Program Files (x86), APP_HOME=D:\programowanie\kodilla\jhipster\, PATHEXT=.COM;.EXE;.BAT;.CMD;.VBS;.VBE;.JS;.JSE;.WSF;.WSH;.MSC, ProgramData=C:\ProgramData, ProgramW6432=C:\Program Files, HOMEPATH=\Users\arkadyj, PROCESSOR_IDENTIFIER=Intel64 Family 6 Model 78 Stepping 3, GenuineIntel, ProgramFiles=C:\Program Files, PUBLIC=C:\Users\Public, windir=C:\WINDOWS, =::=::\, _SKIP=2, LOCALAPPDATA=C:\Users\arkadyj\AppData\Local, USERDOMAIN=ARKADYJ-DELL, LOGONSERVER=\\ARKADYJ-DELL, JAVA_HOME=C:\Program Files\Java\jdk1.8.0_144, PROMPT=$P$G, OneDrive=C:\Users\arkadyj\OneDrive, APPDATA=C:\Users\arkadyj\AppData\Roaming, JAVA_EXE=C:\Program Files\Java\jdk1.8.0_144/bin/java.exe, CommonProgramFiles=C:\Program Files\Common Files, Path=C:\Program Files\Java\jdk1.8.0_144\bin;C:\ProgramData\Oracle\Java\javapath;C:\WINDOWS\system32;C:\WINDOWS;C:\WINDOWS\System32\Wbem;C:\WINDOWS\System32\WindowsPowerShell\v1.0\;C:\Program Files\Intel\WiFi\bin\;C:\Program Files\Common Files\Intel\WirelessCommon\;C:\Program Files\Micron Technology\Micron Storage Executive;C:\Program Files (x86)\Skype\Phone\;C:\Program Files\Git\cmd;C:\Program Files\Git\mingw64\bin;C:\Program Files\Git\usr\bin;C:\Program Files (x86)\gradle-4.3\bin;C:\Program Files\MySQL\MySQL Utilities 1.6\;C:\Users\arkadyj\AppData\Local\Microsoft\WindowsApps;C:\Program Files\Intel\WiFi\bin\;C:\Program Files\Common Files\Intel\WirelessCommon\;d:\programowanie\Heroku\bin, OS=Windows_NT, COMPUTERNAME=ARKADYJ-DELL, CATALINA_HOME=d:\programowanie\apache-tomcat-9.0.4, PROCESSOR_REVISION=4e03, CLASSPATH=D:\programowanie\kodilla\jhipster\\gradle\wrapper\gradle-wrapper.jar, CommonProgramW6432=C:\Program Files\Common Files, ComSpec=C:\WINDOWS\system32\cmd.exe, APP_BASE_NAME=gradlew, =D:=D:\programowanie\kodilla\jhipster, SystemRoot=C:\WINDOWS, TEMP=C:\Users\arkadyj\AppData\Local\Temp, HOMEDRIVE=C:, USERPROFILE=C:\Users\arkadyj, TMP=C:\Users\arkadyj\AppData\Local\Temp, CommonProgramFiles(x86)=C:\Program Files (x86)\Common Files, NUMBER_OF_PROCESSORS=4}}]
19:51:28.538 [Test worker] DEBUG org.springframework.core.env.MutablePropertySources - Adding PropertySource 'inline' with highest search precedence
19:51:28.553 [Test worker] DEBUG org.springframework.test.context.support.TestPropertySourceUtils - Adding inlined properties to environment: {spring.jmx.enabled=false, org.springframework.boot.test.context.SpringBootTestContextBootstrapper=true, server.port=-1}
19:51:28.553 [Test worker] DEBUG org.springframework.core.env.StandardEnvironment - Adding PropertySource 'Inlined Test Properties' with highest search precedence

  .   ____          _            __ _ _
 /\\ / ___'_ __ _ _(_)_ __  __ _ \ \ \ \
( ( )\___ | '_ | '_| | '_ \/ _` | \ \ \ \
 \\/  ___)| |_)| | | | | || (_| |  ) ) ) )
  '  |____| .__|_| |_|_| |_\__, | / / / /
 =========|_|==============|___/=/_/_/_/
 :: Spring Boot ::  (v1.5.11.BUILD-SNAPSHOT)

2018-03-05 19:51:28.812  INFO 8148 --- [    Test worker] com.jhipster.JhipsterApplicationTests    : Starting JhipsterApplicationTests on Arkadyj-dell with PID 8148 (started by arkadyj in D:\programowanie\kodilla\jhipster)
2018-03-05 19:51:28.812  INFO 8148 --- [    Test worker] com.jhipster.JhipsterApplicationTests    : No active profile set, falling back to default profiles: default
2018-03-05 19:51:28.843  INFO 8148 --- [    Test worker] o.s.w.c.s.GenericWebApplicationContext   : Refreshing org.springframework.web.context.support.GenericWebApplicationContext@1dece6a4: startup date [Mon Mar 05 19:51:28 CET 2018]; root of context hierarchy
2018-03-05 19:51:29.748  INFO 8148 --- [    Test worker] o.s.b.f.s.DefaultListableBeanFactory     : Overriding bean definition for bean 'managementServletContext' with a different definition: replacing [Root bean: class [null]; scope=; abstract=false; lazyInit=false; autowireMode=3; dependencyCheck=0; autowireCandidate=true; primary=false; factoryBeanName=org.springframework.boot.actuate.autoconfigure.EndpointWebMvcHypermediaManagementContextConfiguration; factoryMethodName=managementServletContext; initMethodName=null; destroyMethodName=(inferred); defined in class path resource [org/springframework/boot/actuate/autoconfigure/EndpointWebMvcHypermediaManagementContextConfiguration.class]] with [Root bean: class [null]; scope=; abstract=false; lazyInit=false; autowireMode=3; dependencyCheck=0; autowireCandidate=true; primary=false; factoryBeanName=org.springframework.boot.actuate.autoconfigure.EndpointWebMvcAutoConfiguration; factoryMethodName=managementServletContext; initMethodName=null; destroyMethodName=(inferred); defined in class path resource [org/springframework/boot/actuate/autoconfigure/EndpointWebMvcAutoConfiguration.class]]
2018-03-05 19:51:30.344  INFO 8148 --- [    Test worker] trationDelegate$BeanPostProcessorChecker : Bean 'org.springframework.transaction.annotation.ProxyTransactionManagementConfiguration' of type [org.springframework.transaction.annotation.ProxyTransactionManagementConfiguration$$EnhancerBySpringCGLIB$$fa256ede] is not eligible for getting processed by all BeanPostProcessors (for example: not eligible for auto-proxying)
2018-03-05 19:51:31.011  INFO 8148 --- [    Test worker] j.LocalContainerEntityManagerFactoryBean : Building JPA container EntityManagerFactory for persistence unit 'default'
2018-03-05 19:51:31.026  INFO 8148 --- [    Test worker] o.hibernate.jpa.internal.util.LogHelper  : HHH000204: Processing PersistenceUnitInfo [
	name: default
	...]
2018-03-05 19:51:31.104  INFO 8148 --- [    Test worker] org.hibernate.Version                    : HHH000412: Hibernate Core {5.0.12.Final}
2018-03-05 19:51:31.104  INFO 8148 --- [    Test worker] org.hibernate.cfg.Environment            : HHH000206: hibernate.properties not found
2018-03-05 19:51:31.104  INFO 8148 --- [    Test worker] org.hibernate.cfg.Environment            : HHH000021: Bytecode provider name : javassist
2018-03-05 19:51:31.152  INFO 8148 --- [    Test worker] o.hibernate.annotations.common.Version   : HCANN000001: Hibernate Commons Annotations {5.0.1.Final}
2018-03-05 19:51:31.358  INFO 8148 --- [    Test worker] org.hibernate.dialect.Dialect            : HHH000400: Using dialect: org.hibernate.dialect.H2Dialect
2018-03-05 19:51:31.750  INFO 8148 --- [    Test worker] org.hibernate.tuple.PojoInstantiator     : HHH000182: No default (no-argument) constructor for class: com.jhipster.domain.Task (class must be instantiated by Interceptor)
2018-03-05 19:51:31.844  INFO 8148 --- [    Test worker] org.hibernate.tool.hbm2ddl.SchemaExport  : HHH000227: Running hbm2ddl schema export
2018-03-05 19:51:31.844  INFO 8148 --- [    Test worker] org.hibernate.tool.hbm2ddl.SchemaExport  : HHH000230: Schema export complete
2018-03-05 19:51:31.875  INFO 8148 --- [    Test worker] j.LocalContainerEntityManagerFactoryBean : Initialized JPA EntityManagerFactory for persistence unit 'default'
2018-03-05 19:51:32.815  INFO 8148 --- [    Test worker] s.w.s.m.m.a.RequestMappingHandlerAdapter : Looking for @ControllerAdvice: org.springframework.web.context.support.GenericWebApplicationContext@1dece6a4: startup date [Mon Mar 05 19:51:28 CET 2018]; root of context hierarchy
2018-03-05 19:51:32.831  INFO 8148 --- [    Test worker] s.w.s.m.m.a.RequestMappingHandlerAdapter : Detected ResponseBodyAdvice bean in org.springframework.boot.actuate.autoconfigure.EndpointWebMvcHypermediaManagementContextConfiguration$ActuatorEndpointLinksAdvice
2018-03-05 19:51:32.920  INFO 8148 --- [    Test worker] s.w.s.m.m.a.RequestMappingHandlerMapping : Mapped "{[/api/tasks || /api/tasks/],methods=[GET]}" onto public java.lang.Iterable<com.jhipster.domain.Task> com.jhipster.controller.TaskController.list()
2018-03-05 19:51:32.924  INFO 8148 --- [    Test worker] s.w.s.m.m.a.RequestMappingHandlerMapping : Mapped "{[/error]}" onto public org.springframework.http.ResponseEntity<java.util.Map<java.lang.String, java.lang.Object>> org.springframework.boot.autoconfigure.web.BasicErrorController.error(javax.servlet.http.HttpServletRequest)
2018-03-05 19:51:32.924  INFO 8148 --- [    Test worker] s.w.s.m.m.a.RequestMappingHandlerMapping : Mapped "{[/error],produces=[text/html]}" onto public org.springframework.web.servlet.ModelAndView org.springframework.boot.autoconfigure.web.BasicErrorController.errorHtml(javax.servlet.http.HttpServletRequest,javax.servlet.http.HttpServletResponse)
2018-03-05 19:51:32.964  INFO 8148 --- [    Test worker] o.s.w.s.handler.SimpleUrlHandlerMapping  : Mapped URL path [/webjars/**] onto handler of type [class org.springframework.web.servlet.resource.ResourceHttpRequestHandler]
2018-03-05 19:51:32.964  INFO 8148 --- [    Test worker] o.s.w.s.handler.SimpleUrlHandlerMapping  : Mapped URL path [/**] onto handler of type [class org.springframework.web.servlet.resource.ResourceHttpRequestHandler]
2018-03-05 19:51:32.964  INFO 8148 --- [    Test worker] o.s.w.s.handler.SimpleUrlHandlerMapping  : Mapped URL path [/docs/**] onto handler of type [class org.springframework.web.servlet.resource.ResourceHttpRequestHandler]
2018-03-05 19:51:32.984  INFO 8148 --- [    Test worker] .m.m.a.ExceptionHandlerExceptionResolver : Detected ResponseBodyAdvice implementation in org.springframework.boot.actuate.autoconfigure.EndpointWebMvcHypermediaManagementContextConfiguration$ActuatorEndpointLinksAdvice
2018-03-05 19:51:33.000  INFO 8148 --- [    Test worker] o.s.w.s.handler.SimpleUrlHandlerMapping  : Mapped URL path [/**/favicon.ico] onto handler of type [class org.springframework.web.servlet.resource.ResourceHttpRequestHandler]
2018-03-05 19:51:33.363  INFO 8148 --- [    Test worker] o.s.b.a.e.mvc.EndpointHandlerMapping     : Mapped "{[/actuator || /actuator.json],methods=[GET],produces=[application/vnd.spring-boot.actuator.v1+json || application/json]}" onto public org.springframework.hateoas.ResourceSupport org.springframework.boot.actuate.endpoint.mvc.HalJsonMvcEndpoint.links()
2018-03-05 19:51:33.363  INFO 8148 --- [    Test worker] o.s.b.a.e.mvc.EndpointHandlerMapping     : Mapped "{[/health || /health.json],methods=[GET],produces=[application/vnd.spring-boot.actuator.v1+json || application/json]}" onto public java.lang.Object org.springframework.boot.actuate.endpoint.mvc.HealthMvcEndpoint.invoke(javax.servlet.http.HttpServletRequest,java.security.Principal)
2018-03-05 19:51:33.363  INFO 8148 --- [    Test worker] o.s.b.a.e.mvc.EndpointHandlerMapping     : Mapped "{[/mappings || /mappings.json],methods=[GET],produces=[application/vnd.spring-boot.actuator.v1+json || application/json]}" onto public java.lang.Object org.springframework.boot.actuate.endpoint.mvc.EndpointMvcAdapter.invoke()
2018-03-05 19:51:33.363  INFO 8148 --- [    Test worker] o.s.b.a.e.mvc.EndpointHandlerMapping     : Mapped "{[/info || /info.json],methods=[GET],produces=[application/vnd.spring-boot.actuator.v1+json || application/json]}" onto public java.lang.Object org.springframework.boot.actuate.endpoint.mvc.EndpointMvcAdapter.invoke()
2018-03-05 19:51:33.363  INFO 8148 --- [    Test worker] o.s.b.a.e.mvc.EndpointHandlerMapping     : Mapped "{[/trace || /trace.json],methods=[GET],produces=[application/vnd.spring-boot.actuator.v1+json || application/json]}" onto public java.lang.Object org.springframework.boot.actuate.endpoint.mvc.EndpointMvcAdapter.invoke()
2018-03-05 19:51:33.378  INFO 8148 --- [    Test worker] o.s.b.a.e.mvc.EndpointHandlerMapping     : Mapped "{[/beans || /beans.json],methods=[GET],produces=[application/vnd.spring-boot.actuator.v1+json || application/json]}" onto public java.lang.Object org.springframework.boot.actuate.endpoint.mvc.EndpointMvcAdapter.invoke()
2018-03-05 19:51:33.378  INFO 8148 --- [    Test worker] o.s.b.a.e.mvc.EndpointHandlerMapping     : Mapped "{[/dump || /dump.json],methods=[GET],produces=[application/vnd.spring-boot.actuator.v1+json || application/json]}" onto public java.lang.Object org.springframework.boot.actuate.endpoint.mvc.EndpointMvcAdapter.invoke()
2018-03-05 19:51:33.378  INFO 8148 --- [    Test worker] o.s.b.a.e.mvc.EndpointHandlerMapping     : Mapped "{[/metrics/{name:.*}],methods=[GET],produces=[application/vnd.spring-boot.actuator.v1+json || application/json]}" onto public java.lang.Object org.springframework.boot.actuate.endpoint.mvc.MetricsMvcEndpoint.value(java.lang.String)
2018-03-05 19:51:33.378  INFO 8148 --- [    Test worker] o.s.b.a.e.mvc.EndpointHandlerMapping     : Mapped "{[/metrics || /metrics.json],methods=[GET],produces=[application/vnd.spring-boot.actuator.v1+json || application/json]}" onto public java.lang.Object org.springframework.boot.actuate.endpoint.mvc.EndpointMvcAdapter.invoke()
2018-03-05 19:51:33.378  INFO 8148 --- [    Test worker] o.s.b.a.e.mvc.EndpointHandlerMapping     : Mapped "{[/configprops || /configprops.json],methods=[GET],produces=[application/vnd.spring-boot.actuator.v1+json || application/json]}" onto public java.lang.Object org.springframework.boot.actuate.endpoint.mvc.EndpointMvcAdapter.invoke()
2018-03-05 19:51:33.378  INFO 8148 --- [    Test worker] o.s.b.a.e.mvc.EndpointHandlerMapping     : Mapped "{[/heapdump || /heapdump.json],methods=[GET],produces=[application/octet-stream]}" onto public void org.springframework.boot.actuate.endpoint.mvc.HeapdumpMvcEndpoint.invoke(boolean,javax.servlet.http.HttpServletRequest,javax.servlet.http.HttpServletResponse) throws java.io.IOException,javax.servlet.ServletException
2018-03-05 19:51:33.378  INFO 8148 --- [    Test worker] o.s.b.a.e.mvc.EndpointHandlerMapping     : Mapped "{[/env/{name:.*}],methods=[GET],produces=[application/vnd.spring-boot.actuator.v1+json || application/json]}" onto public java.lang.Object org.springframework.boot.actuate.endpoint.mvc.EnvironmentMvcEndpoint.value(java.lang.String)
2018-03-05 19:51:33.378  INFO 8148 --- [    Test worker] o.s.b.a.e.mvc.EndpointHandlerMapping     : Mapped "{[/env || /env.json],methods=[GET],produces=[application/vnd.spring-boot.actuator.v1+json || application/json]}" onto public java.lang.Object org.springframework.boot.actuate.endpoint.mvc.EndpointMvcAdapter.invoke()
2018-03-05 19:51:33.378  INFO 8148 --- [    Test worker] o.s.b.a.e.mvc.EndpointHandlerMapping     : Mapped "{[/auditevents || /auditevents.json],methods=[GET],produces=[application/vnd.spring-boot.actuator.v1+json || application/json]}" onto public org.springframework.http.ResponseEntity<?> org.springframework.boot.actuate.endpoint.mvc.AuditEventsMvcEndpoint.findByPrincipalAndAfterAndType(java.lang.String,java.util.Date,java.lang.String)
2018-03-05 19:51:33.378  INFO 8148 --- [    Test worker] o.s.b.a.e.mvc.EndpointHandlerMapping     : Mapped "{[/docs],produces=[text/html]}" onto public java.lang.String org.springframework.boot.actuate.endpoint.mvc.DocsMvcEndpoint.redirect()
2018-03-05 19:51:33.378  INFO 8148 --- [    Test worker] o.s.b.a.e.mvc.EndpointHandlerMapping     : Mapped "{[/docs/],produces=[text/html]}" onto public java.lang.String org.springframework.boot.actuate.endpoint.mvc.DocsMvcEndpoint.browse()
2018-03-05 19:51:33.378  INFO 8148 --- [    Test worker] o.s.b.a.e.mvc.EndpointHandlerMapping     : Mapped "{[/loggers/{name:.*}],methods=[GET],produces=[application/vnd.spring-boot.actuator.v1+json || application/json]}" onto public java.lang.Object org.springframework.boot.actuate.endpoint.mvc.LoggersMvcEndpoint.get(java.lang.String)
2018-03-05 19:51:33.378  INFO 8148 --- [    Test worker] o.s.b.a.e.mvc.EndpointHandlerMapping     : Mapped "{[/loggers/{name:.*}],methods=[POST],consumes=[application/vnd.spring-boot.actuator.v1+json || application/json],produces=[application/vnd.spring-boot.actuator.v1+json || application/json]}" onto public java.lang.Object org.springframework.boot.actuate.endpoint.mvc.LoggersMvcEndpoint.set(java.lang.String,java.util.Map<java.lang.String, java.lang.String>)
2018-03-05 19:51:33.378  INFO 8148 --- [    Test worker] o.s.b.a.e.mvc.EndpointHandlerMapping     : Mapped "{[/loggers || /loggers.json],methods=[GET],produces=[application/vnd.spring-boot.actuator.v1+json || application/json]}" onto public java.lang.Object org.springframework.boot.actuate.endpoint.mvc.EndpointMvcAdapter.invoke()
2018-03-05 19:51:33.378  INFO 8148 --- [    Test worker] o.s.b.a.e.mvc.EndpointHandlerMapping     : Mapped "{[/autoconfig || /autoconfig.json],methods=[GET],produces=[application/vnd.spring-boot.actuator.v1+json || application/json]}" onto public java.lang.Object org.springframework.boot.actuate.endpoint.mvc.EndpointMvcAdapter.invoke()
2018-03-05 19:51:33.692  INFO 8148 --- [    Test worker] com.jhipster.JhipsterApplicationTests    : Started JhipsterApplicationTests in 5.132 seconds (JVM running for 6.365)
]]></system-out>
  <system-err><![CDATA[]]></system-err>
</testsuite>
